# JRE version: OpenJDK Runtime Environment (8.0_282-b08) (build 1.8.0_282-8u282-b08-0ubuntu1~20.04-b08)
# Java VM: OpenJDK 64-Bit Server VM (25.282-b08 mixed mode linux-amd64 compressed oops)
Heap:
 PSYoungGen      total 441344K, used 221183K [0x00000000d7a00000, 0x0000000100000000, 0x0000000100000000)
  eden space 221184K, 99% used [0x00000000d7a00000,0x00000000e51ffff8,0x00000000e5200000)
  from space 220160K, 0% used [0x00000000f2900000,0x00000000f2900000,0x0000000100000000)
  to   space 220160K, 0% used [0x00000000e5200000,0x00000000e5200000,0x00000000f2900000)
 ParOldGen       total 1323008K, used 1322727K [0x0000000086e00000, 0x00000000d7a00000, 0x00000000d7a00000)
  object space 1323008K, 99% used [0x0000000086e00000,0x00000000d79b9ff0,0x00000000d7a00000)
 Metaspace       used 13136K, capacity 13338K, committed 13568K, reserved 1060864K
  class space    used 1672K, capacity 1754K, committed 1792K, reserved 1048576K
GC Heap History (10 events):
Event: 596,258 GC heap before
{Heap before GC invocations=126 (full 108):
 PSYoungGen      total 441344K, used 221184K [0x00000000d7a00000, 0x0000000100000000, 0x0000000100000000)
  eden space 221184K, 100% used [0x00000000d7a00000,0x00000000e5200000,0x00000000e5200000)
  from space 220160K, 0% used [0x00000000f2900000,0x00000000f2900000,0x0000000100000000)
  to   space 220160K, 0% used [0x00000000e5200000,0x00000000e5200000,0x00000000f2900000)
 ParOldGen       total 1323008K, used 1322727K [0x0000000086e00000, 0x00000000d7a00000, 0x00000000d7a00000)
  object space 1323008K, 99% used [0x0000000086e00000,0x00000000d79b9de8,0x00000000d7a00000)
 Metaspace       used 13135K, capacity 13338K, committed 13568K, reserved 1060864K
  class space    used 1672K, capacity 1754K, committed 1792K, reserved 1048576K
Event: 600,685 GC heap after
Heap after GC invocations=126 (full 108):
 PSYoungGen      total 441344K, used 221183K [0x00000000d7a00000, 0x0000000100000000, 0x0000000100000000)
  eden space 221184K, 99% used [0x00000000d7a00000,0x00000000e51fff50,0x00000000e5200000)
  from space 220160K, 0% used [0x00000000f2900000,0x00000000f2900000,0x0000000100000000)
  to   space 220160K, 0% used [0x00000000e5200000,0x00000000e5200000,0x00000000f2900000)
 ParOldGen       total 1323008K, used 1322727K [0x0000000086e00000, 0x00000000d7a00000, 0x00000000d7a00000)
  object space 1323008K, 99% used [0x0000000086e00000,0x00000000d79b9dc0,0x00000000d7a00000)
 Metaspace       used 13135K, capacity 13338K, committed 13568K, reserved 1060864K
  class space    used 1672K, capacity 1754K, committed 1792K, reserved 1048576K
}
Event: 600,685 GC heap before
{Heap before GC invocations=127 (full 109):
 PSYoungGen      total 441344K, used 221184K [0x00000000d7a00000, 0x0000000100000000, 0x0000000100000000)
  eden space 221184K, 100% used [0x00000000d7a00000,0x00000000e5200000,0x00000000e5200000)
  from space 220160K, 0% used [0x00000000f2900000,0x00000000f2900000,0x0000000100000000)
  to   space 220160K, 0% used [0x00000000e5200000,0x00000000e5200000,0x00000000f2900000)
 ParOldGen       total 1323008K, used 1322727K [0x0000000086e00000, 0x00000000d7a00000, 0x00000000d7a00000)
  object space 1323008K, 99% used [0x0000000086e00000,0x00000000d79b9dc0,0x00000000d7a00000)
 Metaspace       used 13135K, capacity 13338K, committed 13568K, reserved 1060864K
  class space    used 1672K, capacity 1754K, committed 1792K, reserved 1048576K
Event: 605,282 GC heap after
Heap after GC invocations=127 (full 109):
 PSYoungGen      total 441344K, used 221183K [0x00000000d7a00000, 0x0000000100000000, 0x0000000100000000)
  eden space 221184K, 99% used [0x00000000d7a00000,0x00000000e51fffe8,0x00000000e5200000)
  from space 220160K, 0% used [0x00000000f2900000,0x00000000f2900000,0x0000000100000000)
  to   space 220160K, 0% used [0x00000000e5200000,0x00000000e5200000,0x00000000f2900000)
 ParOldGen       total 1323008K, used 1322727K [0x0000000086e00000, 0x00000000d7a00000, 0x00000000d7a00000)
  object space 1323008K, 99% used [0x0000000086e00000,0x00000000d79b9dc0,0x00000000d7a00000)
 Metaspace       used 13135K, capacity 13338K, committed 13568K, reserved 1060864K
  class space    used 1672K, capacity 1754K, committed 1792K, reserved 1048576K
}
Event: 605,283 GC heap before
{Heap before GC invocations=128 (full 110):
 PSYoungGen      total 441344K, used 221184K [0x00000000d7a00000, 0x0000000100000000, 0x0000000100000000)
  eden space 221184K, 100% used [0x00000000d7a00000,0x00000000e5200000,0x00000000e5200000)
  from space 220160K, 0% used [0x00000000f2900000,0x00000000f2900000,0x0000000100000000)
  to   space 220160K, 0% used [0x00000000e5200000,0x00000000e5200000,0x00000000f2900000)
 ParOldGen       total 1323008K, used 1322727K [0x0000000086e00000, 0x00000000d7a00000, 0x00000000d7a00000)
  object space 1323008K, 99% used [0x0000000086e00000,0x00000000d79b9dc0,0x00000000d7a00000)
 Metaspace       used 13135K, capacity 13338K, committed 13568K, reserved 1060864K
  class space    used 1672K, capacity 1754K, committed 1792K, reserved 1048576K
Event: 609,609 GC heap after
Heap after GC invocations=128 (full 110):
 PSYoungGen      total 441344K, used 221183K [0x00000000d7a00000, 0x0000000100000000, 0x0000000100000000)
  eden space 221184K, 99% used [0x00000000d7a00000,0x00000000e51ffd50,0x00000000e5200000)
  from space 220160K, 0% used [0x00000000f2900000,0x00000000f2900000,0x0000000100000000)
  to   space 220160K, 0% used [0x00000000e5200000,0x00000000e5200000,0x00000000f2900000)
 ParOldGen       total 1323008K, used 1322724K [0x0000000086e00000, 0x00000000d7a00000, 0x00000000d7a00000)
  object space 1323008K, 99% used [0x0000000086e00000,0x00000000d79b9390,0x00000000d7a00000)
 Metaspace       used 13135K, capacity 13338K, committed 13568K, reserved 1060864K
  class space    used 1672K, capacity 1754K, committed 1792K, reserved 1048576K
}
Event: 609,609 GC heap before
{Heap before GC invocations=129 (full 111):
 PSYoungGen      total 441344K, used 221184K [0x00000000d7a00000, 0x0000000100000000, 0x0000000100000000)
  eden space 221184K, 100% used [0x00000000d7a00000,0x00000000e5200000,0x00000000e5200000)
  from space 220160K, 0% used [0x00000000f2900000,0x00000000f2900000,0x0000000100000000)
  to   space 220160K, 0% used [0x00000000e5200000,0x00000000e5200000,0x00000000f2900000)
 ParOldGen       total 1323008K, used 1322724K [0x0000000086e00000, 0x00000000d7a00000, 0x00000000d7a00000)
  object space 1323008K, 99% used [0x0000000086e00000,0x00000000d79b9390,0x00000000d7a00000)
 Metaspace       used 13135K, capacity 13338K, committed 13568K, reserved 1060864K
  class space    used 1672K, capacity 1754K, committed 1792K, reserved 1048576K
Event: 614,317 GC heap after
Heap after GC invocations=129 (full 111):
 PSYoungGen      total 441344K, used 221183K [0x00000000d7a00000, 0x0000000100000000, 0x0000000100000000)
  eden space 221184K, 99% used [0x00000000d7a00000,0x00000000e51fffe0,0x00000000e5200000)
  from space 220160K, 0% used [0x00000000f2900000,0x00000000f2900000,0x0000000100000000)
  to   space 220160K, 0% used [0x00000000e5200000,0x00000000e5200000,0x00000000f2900000)
 ParOldGen       total 1323008K, used 1322724K [0x0000000086e00000, 0x00000000d7a00000, 0x00000000d7a00000)
  object space 1323008K, 99% used [0x0000000086e00000,0x00000000d79b9390,0x00000000d7a00000)
 Metaspace       used 13135K, capacity 13338K, committed 13568K, reserved 1060864K
  class space    used 1672K, capacity 1754K, committed 1792K, reserved 1048576K
}
Event: 614,317 GC heap before
{Heap before GC invocations=130 (full 112):
 PSYoungGen      total 441344K, used 221183K [0x00000000d7a00000, 0x0000000100000000, 0x0000000100000000)
  eden space 221184K, 99% used [0x00000000d7a00000,0x00000000e51ffff8,0x00000000e5200000)
  from space 220160K, 0% used [0x00000000f2900000,0x00000000f2900000,0x0000000100000000)
  to   space 220160K, 0% used [0x00000000e5200000,0x00000000e5200000,0x00000000f2900000)
 ParOldGen       total 1323008K, used 1322724K [0x0000000086e00000, 0x00000000d7a00000, 0x00000000d7a00000)
  object space 1323008K, 99% used [0x0000000086e00000,0x00000000d79b9390,0x00000000d7a00000)
 Metaspace       used 13135K, capacity 13338K, committed 13568K, reserved 1060864K
  class space    used 1672K, capacity 1754K, committed 1792K, reserved 1048576K
Event: 619,317 GC heap after
Heap after GC invocations=130 (full 112):
 PSYoungGen      total 441344K, used 221183K [0x00000000d7a00000, 0x0000000100000000, 0x0000000100000000)
  eden space 221184K, 99% used [0x00000000d7a00000,0x00000000e51ffff8,0x00000000e5200000)
  from space 220160K, 0% used [0x00000000f2900000,0x00000000f2900000,0x0000000100000000)
  to   space 220160K, 0% used [0x00000000e5200000,0x00000000e5200000,0x00000000f2900000)
 ParOldGen       total 1323008K, used 1322724K [0x0000000086e00000, 0x00000000d7a00000, 0x00000000d7a00000)
  object space 1323008K, 99% used [0x0000000086e00000,0x00000000d79b9390,0x00000000d7a00000)
 Metaspace       used 13135K, capacity 13338K, committed 13568K, reserved 1060864K
  class space    used 1672K, capacity 1754K, committed 1792K, reserved 1048576K
}

